<?xml version="1.0" encoding="UTF-8"?>
<testng-results ignored="0" total="1" passed="1" failed="0" skipped="0">
  <reporter-output>
  </reporter-output>
  <suite started-at="2022-11-22T14:43:33 EST" name="Default suite" finished-at="2022-11-22T14:43:38 EST" duration-ms="5510">
    <groups>
    </groups>
    <test started-at="2022-11-22T14:43:33 EST" name="Default test" finished-at="2022-11-22T14:43:38 EST" duration-ms="5510">
      <class name="TestNGassertion.SoftTest">
        <test-method signature="SimpleSoftTest()[pri:0, instance:TestNGassertion.SoftTest@2d710f1a]" started-at="2022-11-22T14:43:33 EST" name="SimpleSoftTest" finished-at="2022-11-22T14:43:38 EST" duration-ms="5464" status="PASS">
          <reporter-output>
          </reporter-output>
        </test-method> <!-- SimpleSoftTest -->
      </class> <!-- TestNGassertion.SoftTest -->
    </test> <!-- Default test -->
  </suite> <!-- Default suite -->
</testng-results>
